06/032021 03:17:45 AM CRITICAL module1logger module 1 critical message
06/032021 03:17:45 AM ERROR module1logger module 1 error message
06/032021 03:17:45 AM WARNING module1logger module 1 warning message
06/032021 03:17:45 AM INFO module1logger module 1 info message
06/032021 03:17:45 AM DEBUG module1logger module 1 debug message
06/032021 03:18:36 AM CRITICAL module1logger module 1 critical message
06/032021 03:18:36 AM ERROR module1logger module 1 error message
06/032021 03:18:36 AM WARNING module1logger module 1 warning message
06/032021 03:18:36 AM INFO module1logger module 1 info message
06/032021 03:18:36 AM DEBUG module1logger module 1 debug message
06/032021 03:18:41 AM CRITICAL module1logger module 1 critical message
06/032021 03:18:41 AM ERROR module1logger module 1 error message
06/032021 03:18:41 AM WARNING module1logger module 1 warning message
06/032021 03:18:41 AM INFO module1logger module 1 info message
06/032021 03:18:41 AM DEBUG module1logger module 1 debug message
06/032021 03:19:28 AM CRITICAL module1logger module 1 critical message
06/032021 03:19:28 AM ERROR module1logger module 1 error message
06/032021 03:19:28 AM WARNING module1logger module 1 warning message
06/032021 03:19:28 AM INFO module1logger module 1 info message
06/032021 03:19:28 AM DEBUG module1logger module 1 debug message
